[2021-11-11T08:53:06.951+0100][0.012s] Using G1
[2021-11-11T08:53:06.964+0100][0.024s] Version: 17.0.1+12-LTS-39 (release)
[2021-11-11T08:53:06.964+0100][0.024s] CPUs: 12 total, 12 available
[2021-11-11T08:53:06.964+0100][0.024s] Memory: 32720M
[2021-11-11T08:53:06.964+0100][0.024s] Large Page Support: Enabled
[2021-11-11T08:53:06.964+0100][0.024s] NUMA Support: Disabled
[2021-11-11T08:53:06.964+0100][0.025s] Compressed Oops: Enabled (32-bit)
[2021-11-11T08:53:06.964+0100][0.025s] Heap Region Size: 1M
[2021-11-11T08:53:06.964+0100][0.025s] Heap Min Capacity: 512M
[2021-11-11T08:53:06.964+0100][0.025s] Heap Initial Capacity: 512M
[2021-11-11T08:53:06.964+0100][0.025s] Heap Max Capacity: 512M
[2021-11-11T08:53:06.964+0100][0.025s] Pre-touch: Enabled
[2021-11-11T08:53:06.964+0100][0.025s] Parallel Workers: 10
[2021-11-11T08:53:06.964+0100][0.025s] Concurrent Workers: 3
[2021-11-11T08:53:06.965+0100][0.025s] Concurrent Refinement Workers: 10
[2021-11-11T08:53:06.965+0100][0.025s] Periodic GC: Disabled
[2021-11-11T08:53:06.965+0100][0.026s] CDS archive(s) mapped at: [0x0000000800000000-0x0000000800bc0000-0x0000000800bc0000), size 12320768, SharedBaseAddress: 0x0000000800000000, ArchiveRelocationMode: 0.
[2021-11-11T08:53:06.965+0100][0.026s] Compressed class space mapped at: 0x0000000800c00000-0x0000000840c00000, reserved size: 1073741824
[2021-11-11T08:53:06.965+0100][0.026s] Narrow klass base: 0x0000000800000000, Narrow klass shift: 0, Narrow klass range: 0x100000000
[2021-11-11T08:53:08.074+0100][1.135s] GC(0) Pause Young (Normal) (G1 Evacuation Pause)
[2021-11-11T08:53:08.075+0100][1.135s] GC(0) Using 10 workers of 10 for evacuation
[2021-11-11T08:53:08.079+0100][1.140s] GC(0)   Pre Evacuate Collection Set: 0.1ms
[2021-11-11T08:53:08.079+0100][1.140s] GC(0)   Merge Heap Roots: 0.0ms
[2021-11-11T08:53:08.079+0100][1.140s] GC(0)   Evacuate Collection Set: 3.4ms
[2021-11-11T08:53:08.079+0100][1.140s] GC(0)   Post Evacuate Collection Set: 0.5ms
[2021-11-11T08:53:08.079+0100][1.140s] GC(0)   Other: 0.9ms
[2021-11-11T08:53:08.079+0100][1.140s] GC(0) Eden regions: 29->0(41)
[2021-11-11T08:53:08.079+0100][1.140s] GC(0) Survivor regions: 0->4(4)
[2021-11-11T08:53:08.079+0100][1.140s] GC(0) Old regions: 0->0
[2021-11-11T08:53:08.079+0100][1.140s] GC(0) Archive regions: 0->0
[2021-11-11T08:53:08.079+0100][1.140s] GC(0) Humongous regions: 0->0
[2021-11-11T08:53:08.079+0100][1.140s] GC(0) Metaspace: 8439K(8640K)->8439K(8640K) NonClass: 7468K(7552K)->7468K(7552K) Class: 970K(1088K)->970K(1088K)
[2021-11-11T08:53:08.079+0100][1.140s] GC(0) Pause Young (Normal) (G1 Evacuation Pause) 29M->3M(512M) 5.216ms
[2021-11-11T08:53:08.079+0100][1.140s] GC(0) User=0.00s Sys=0.00s Real=0.01s
[2021-11-11T08:53:09.170+0100][2.231s] GC(1) Pause Young (Normal) (G1 Evacuation Pause)
[2021-11-11T08:53:09.170+0100][2.231s] GC(1) Using 10 workers of 10 for evacuation
[2021-11-11T08:53:09.180+0100][2.241s] GC(1)   Pre Evacuate Collection Set: 0.1ms
[2021-11-11T08:53:09.180+0100][2.241s] GC(1)   Merge Heap Roots: 0.0ms
[2021-11-11T08:53:09.180+0100][2.241s] GC(1)   Evacuate Collection Set: 8.6ms
[2021-11-11T08:53:09.180+0100][2.241s] GC(1)   Post Evacuate Collection Set: 0.7ms
[2021-11-11T08:53:09.180+0100][2.241s] GC(1)   Other: 0.3ms
[2021-11-11T08:53:09.180+0100][2.241s] GC(1) Eden regions: 41->0(114)
[2021-11-11T08:53:09.180+0100][2.241s] GC(1) Survivor regions: 4->6(6)
[2021-11-11T08:53:09.180+0100][2.241s] GC(1) Old regions: 0->10
[2021-11-11T08:53:09.180+0100][2.241s] GC(1) Archive regions: 0->0
[2021-11-11T08:53:09.180+0100][2.241s] GC(1) Humongous regions: 4->4
[2021-11-11T08:53:09.180+0100][2.241s] GC(1) Metaspace: 15455K(15680K)->15455K(15680K) NonClass: 13656K(13760K)->13656K(13760K) Class: 1798K(1920K)->1798K(1920K)
[2021-11-11T08:53:09.180+0100][2.241s] GC(1) Pause Young (Normal) (G1 Evacuation Pause) 48M->19M(512M) 10.010ms
[2021-11-11T08:53:09.180+0100][2.241s] GC(1) User=0.14s Sys=0.00s Real=0.01s
[2021-11-11T08:53:14.730+0100][7.791s] GC(2) Pause Young (Concurrent Start) (Metadata GC Threshold)
[2021-11-11T08:53:14.730+0100][7.791s] GC(2) Using 10 workers of 10 for evacuation
[2021-11-11T08:53:14.737+0100][7.798s] GC(2)   Pre Evacuate Collection Set: 0.1ms
[2021-11-11T08:53:14.737+0100][7.798s] GC(2)   Merge Heap Roots: 0.0ms
[2021-11-11T08:53:14.737+0100][7.798s] GC(2)   Evacuate Collection Set: 5.9ms
[2021-11-11T08:53:14.737+0100][7.798s] GC(2)   Post Evacuate Collection Set: 0.7ms
[2021-11-11T08:53:14.737+0100][7.798s] GC(2)   Other: 0.5ms
[2021-11-11T08:53:14.737+0100][7.798s] GC(2) Eden regions: 45->0(289)
[2021-11-11T08:53:14.737+0100][7.798s] GC(2) Survivor regions: 6->11(15)
[2021-11-11T08:53:14.737+0100][7.798s] GC(2) Old regions: 10->10
[2021-11-11T08:53:14.737+0100][7.798s] GC(2) Archive regions: 0->0
[2021-11-11T08:53:14.737+0100][7.798s] GC(2) Humongous regions: 4->4
[2021-11-11T08:53:14.737+0100][7.798s] GC(2) Metaspace: 21268K(21504K)->21268K(21504K) NonClass: 18850K(18944K)->18850K(18944K) Class: 2418K(2560K)->2418K(2560K)
[2021-11-11T08:53:14.738+0100][7.798s] GC(2) Pause Young (Concurrent Start) (Metadata GC Threshold) 64M->24M(512M) 7.633ms
[2021-11-11T08:53:14.738+0100][7.798s] GC(2) User=0.00s Sys=0.00s Real=0.01s
[2021-11-11T08:53:14.738+0100][7.798s] GC(3) Concurrent Mark Cycle
[2021-11-11T08:53:14.738+0100][7.798s] GC(3) Concurrent Clear Claimed Marks
[2021-11-11T08:53:14.738+0100][7.798s] GC(3) Concurrent Clear Claimed Marks 0.033ms
[2021-11-11T08:53:14.738+0100][7.798s] GC(3) Concurrent Scan Root Regions
[2021-11-11T08:53:14.740+0100][7.801s] GC(3) Concurrent Scan Root Regions 2.399ms
[2021-11-11T08:53:14.740+0100][7.801s] GC(3) Concurrent Mark
[2021-11-11T08:53:14.740+0100][7.801s] GC(3) Concurrent Mark From Roots
[2021-11-11T08:53:14.740+0100][7.801s] GC(3) Using 3 workers of 3 for marking
[2021-11-11T08:53:14.750+0100][7.810s] GC(3) Concurrent Mark From Roots 9.337ms
[2021-11-11T08:53:14.750+0100][7.810s] GC(3) Concurrent Preclean
[2021-11-11T08:53:14.750+0100][7.810s] GC(3) Concurrent Preclean 0.160ms
[2021-11-11T08:53:14.750+0100][7.811s] GC(3) Pause Remark
[2021-11-11T08:53:14.752+0100][7.812s] GC(3) Pause Remark 25M->25M(512M) 1.626ms
[2021-11-11T08:53:14.752+0100][7.812s] GC(3) User=0.00s Sys=0.00s Real=0.00s
[2021-11-11T08:53:14.752+0100][7.812s] GC(3) Concurrent Mark 11.471ms
[2021-11-11T08:53:14.752+0100][7.812s] GC(3) Concurrent Rebuild Remembered Sets
[2021-11-11T08:53:14.756+0100][7.817s] GC(3) Concurrent Rebuild Remembered Sets 4.212ms
[2021-11-11T08:53:14.756+0100][7.817s] GC(3) Pause Cleanup
[2021-11-11T08:53:14.756+0100][7.817s] GC(3) Pause Cleanup 25M->25M(512M) 0.196ms
[2021-11-11T08:53:14.756+0100][7.817s] GC(3) User=0.00s Sys=0.00s Real=0.00s
[2021-11-11T08:53:14.756+0100][7.817s] GC(3) Concurrent Cleanup for Next Mark
[2021-11-11T08:53:14.757+0100][7.818s] GC(3) Concurrent Cleanup for Next Mark 0.900ms
[2021-11-11T08:53:14.757+0100][7.818s] GC(3) Concurrent Mark Cycle 19.824ms
[2021-11-11T08:53:33.608+0100][26.669s] GC(4) Pause Young (Concurrent Start) (Metadata GC Threshold)
[2021-11-11T08:53:33.609+0100][26.669s] GC(4) Using 10 workers of 10 for evacuation
[2021-11-11T08:53:33.617+0100][26.677s] GC(4)   Pre Evacuate Collection Set: 0.1ms
[2021-11-11T08:53:33.617+0100][26.677s] GC(4)   Merge Heap Roots: 0.1ms
[2021-11-11T08:53:33.617+0100][26.677s] GC(4)   Evacuate Collection Set: 7.4ms
[2021-11-11T08:53:33.617+0100][26.677s] GC(4)   Post Evacuate Collection Set: 0.9ms
[2021-11-11T08:53:33.617+0100][26.677s] GC(4)   Other: 0.3ms
[2021-11-11T08:53:33.617+0100][26.678s] GC(4) Eden regions: 93->0(285)
[2021-11-11T08:53:33.617+0100][26.678s] GC(4) Survivor regions: 11->22(39)
[2021-11-11T08:53:33.617+0100][26.678s] GC(4) Old regions: 10->10
[2021-11-11T08:53:33.617+0100][26.678s] GC(4) Archive regions: 0->0
[2021-11-11T08:53:33.617+0100][26.678s] GC(4) Humongous regions: 6->5
[2021-11-11T08:53:33.617+0100][26.678s] GC(4) Metaspace: 35926K(36160K)->35926K(36160K) NonClass: 31836K(31936K)->31836K(31936K) Class: 4089K(4224K)->4089K(4224K)
[2021-11-11T08:53:33.617+0100][26.678s] GC(4) Pause Young (Concurrent Start) (Metadata GC Threshold) 118M->35M(512M) 9.031ms
[2021-11-11T08:53:33.618+0100][26.678s] GC(4) User=0.14s Sys=0.02s Real=0.01s
[2021-11-11T08:53:33.618+0100][26.678s] GC(5) Concurrent Mark Cycle
[2021-11-11T08:53:33.618+0100][26.678s] GC(5) Concurrent Clear Claimed Marks
[2021-11-11T08:53:33.618+0100][26.678s] GC(5) Concurrent Clear Claimed Marks 0.045ms
[2021-11-11T08:53:33.618+0100][26.678s] GC(5) Concurrent Scan Root Regions
[2021-11-11T08:53:33.622+0100][26.682s] GC(5) Concurrent Scan Root Regions 4.171ms
[2021-11-11T08:53:33.622+0100][26.682s] GC(5) Concurrent Mark
[2021-11-11T08:53:33.622+0100][26.682s] GC(5) Concurrent Mark From Roots
[2021-11-11T08:53:33.622+0100][26.682s] GC(5) Using 3 workers of 3 for marking
[2021-11-11T08:53:33.630+0100][26.690s] GC(5) Concurrent Mark From Roots 8.087ms
[2021-11-11T08:53:33.630+0100][26.690s] GC(5) Concurrent Preclean
[2021-11-11T08:53:33.630+0100][26.691s] GC(5) Concurrent Preclean 0.143ms
[2021-11-11T08:53:33.630+0100][26.691s] GC(5) Pause Remark
[2021-11-11T08:53:33.633+0100][26.693s] GC(5) Pause Remark 37M->37M(512M) 2.342ms
[2021-11-11T08:53:33.633+0100][26.693s] GC(5) User=0.06s Sys=0.02s Real=0.00s
[2021-11-11T08:53:33.633+0100][26.693s] GC(5) Concurrent Mark 10.905ms
[2021-11-11T08:53:33.633+0100][26.693s] GC(5) Concurrent Rebuild Remembered Sets
[2021-11-11T08:53:33.637+0100][26.697s] GC(5) Concurrent Rebuild Remembered Sets 3.573ms
[2021-11-11T08:53:33.637+0100][26.697s] GC(5) Pause Cleanup
[2021-11-11T08:53:33.637+0100][26.697s] GC(5) Pause Cleanup 37M->37M(512M) 0.132ms
[2021-11-11T08:53:33.637+0100][26.697s] GC(5) User=0.00s Sys=0.00s Real=0.00s
[2021-11-11T08:53:33.637+0100][26.697s] GC(5) Concurrent Cleanup for Next Mark
[2021-11-11T08:53:33.638+0100][26.698s] GC(5) Concurrent Cleanup for Next Mark 0.711ms
[2021-11-11T08:53:33.638+0100][26.698s] GC(5) Concurrent Mark Cycle 20.453ms
[2021-11-11T08:53:43.187+0100][36.247s] GC(6) Pause Young (Normal) (G1 Evacuation Pause)
[2021-11-11T08:53:43.187+0100][36.247s] GC(6) Using 10 workers of 10 for evacuation
[2021-11-11T08:53:43.204+0100][36.264s] GC(6)   Pre Evacuate Collection Set: 0.1ms
[2021-11-11T08:53:43.204+0100][36.264s] GC(6)   Merge Heap Roots: 0.1ms
[2021-11-11T08:53:43.204+0100][36.264s] GC(6)   Evacuate Collection Set: 15.0ms
[2021-11-11T08:53:43.204+0100][36.264s] GC(6)   Post Evacuate Collection Set: 1.3ms
[2021-11-11T08:53:43.204+0100][36.264s] GC(6)   Other: 0.3ms
[2021-11-11T08:53:43.204+0100][36.264s] GC(6) Eden regions: 285->0(273)
[2021-11-11T08:53:43.204+0100][36.264s] GC(6) Survivor regions: 22->34(39)
[2021-11-11T08:53:43.204+0100][36.264s] GC(6) Old regions: 10->16
[2021-11-11T08:53:43.204+0100][36.264s] GC(6) Archive regions: 0->0
[2021-11-11T08:53:43.204+0100][36.264s] GC(6) Humongous regions: 12->8
[2021-11-11T08:53:43.204+0100][36.264s] GC(6) Metaspace: 52880K(53312K)->52880K(53312K) NonClass: 46561K(46784K)->46561K(46784K) Class: 6319K(6528K)->6319K(6528K)
[2021-11-11T08:53:43.204+0100][36.264s] GC(6) Pause Young (Normal) (G1 Evacuation Pause) 327M->56M(512M) 17.120ms
[2021-11-11T08:53:43.204+0100][36.264s] GC(6) User=0.14s Sys=0.00s Real=0.02s
